<?xml version="1.0" encoding="UTF-8"?>
<testsuite name="com.platform.info.test.TestPlatformInfo" tests="1" skipped="0" failures="0" errors="0" timestamp="2022-04-13T18:02:27" hostname="Landrys-MacBook-Air.local" time="0.017">
  <properties/>
  <testcase name="testPlatformInfo()[jvm]" classname="com.platform.info.test.TestPlatformInfo" time="0.017"/>
  <system-out><![CDATA[]]></system-out>
  <system-err><![CDATA[]]></system-err>
</testsuite>
